{"numFailedTestSuites":2,"numFailedTests":7,"numPassedTestSuites":12,"numPassedTests":163,"numPendingTestSuites":0,"numPendingTests":0,"numRuntimeErrorTestSuites":1,"numTodoTests":0,"numTotalTestSuites":14,"numTotalTests":170,"openHandles":[],"snapshot":{"added":0,"didUpdate":false,"failure":false,"filesAdded":0,"filesRemoved":0,"filesRemovedList":[],"filesUnmatched":0,"filesUpdated":0,"matched":0,"total":0,"unchecked":0,"uncheckedKeysByFile":[],"unmatched":0,"updated":0},"startTime":1778968820537,"success":false,"testResults":[{"assertionResults":[{"ancestorTitles":["ChromeUpdateService","getCurrentVersion"],"duration":18,"failureDetails":[{"matcherResult":{"actual":"","expected":"118.0.5993.70","message":"\u001b[2mexpect(\u001b[22m\u001b[31mreceived\u001b[39m\u001b[2m).\u001b[22mtoBe\u001b[2m(\u001b[22m\u001b[32mexpected\u001b[39m\u001b[2m) // Object.is equality\u001b[22m\n\nExpected: \u001b[32m\"118.0.5993.70\"\u001b[39m\nReceived: \u001b[31m\"\"\u001b[39m","name":"toBe","pass":false}}],"failureMessages":["Error: \u001b[2mexpect(\u001b[22m\u001b[31mreceived\u001b[39m\u001b[2m).\u001b[22mtoBe\u001b[2m(\u001b[22m\u001b[32mexpected\u001b[39m\u001b[2m) // Object.is equality\u001b[22m\n\nExpected: \u001b[32m\"118.0.5993.70\"\u001b[39m\nReceived: \u001b[31m\"\"\u001b[39m\n    at Object.<anonymous> (C:\\Users\\bhenn\\workspace\\zapfacil\\tests\\unit\\services\\ChromeUpdateService.test.ts:65:23)"],"fullName":"ChromeUpdateService getCurrentVersion should return ChromeDriver version when driver exists","invocations":1,"location":null,"numPassingAsserts":0,"retryReasons":[],"status":"failed","title":"should return ChromeDriver version when driver exists"},{"ancestorTitles":["ChromeUpdateService","getCurrentVersion"],"duration":1,"failureDetails":[{"matcherResult":{"actual":"","expected":"118.0.5993.70","message":"\u001b[2mexpect(\u001b[22m\u001b[31mreceived\u001b[39m\u001b[2m).\u001b[22mtoBe\u001b[2m(\u001b[22m\u001b[32mexpected\u001b[39m\u001b[2m) // Object.is equality\u001b[22m\n\nExpected: \u001b[32m\"118.0.5993.70\"\u001b[39m\nReceived: \u001b[31m\"\"\u001b[39m","name":"toBe","pass":false}}],"failureMessages":["Error: \u001b[2mexpect(\u001b[22m\u001b[31mreceived\u001b[39m\u001b[2m).\u001b[22mtoBe\u001b[2m(\u001b[22m\u001b[32mexpected\u001b[39m\u001b[2m) // Object.is equality\u001b[22m\n\nExpected: \u001b[32m\"118.0.5993.70\"\u001b[39m\nReceived: \u001b[31m\"\"\u001b[39m\n    at Object.<anonymous> (C:\\Users\\bhenn\\workspace\\zapfacil\\tests\\unit\\services\\ChromeUpdateService.test.ts:77:24)"],"fullName":"ChromeUpdateService getCurrentVersion should return cached version on second call","invocations":1,"location":null,"numPassingAsserts":0,"retryReasons":[],"status":"failed","title":"should return cached version on second call"},{"ancestorTitles":["ChromeUpdateService","getCurrentVersion"],"duration":1,"failureDetails":[],"failureMessages":[],"fullName":"ChromeUpdateService getCurrentVersion should return empty string when driver not found","invocations":1,"location":null,"numPassingAsserts":1,"retryReasons":[],"status":"passed","title":"should return empty string when driver not found"},{"ancestorTitles":["ChromeUpdateService","getCurrentVersion"],"duration":1,"failureDetails":[],"failureMessages":[],"fullName":"ChromeUpdateService getCurrentVersion should handle version parsing errors","invocations":1,"location":null,"numPassingAsserts":1,"retryReasons":[],"status":"passed","title":"should handle version parsing errors"},{"ancestorTitles":["ChromeUpdateService","compareVersions"],"duration":1,"failureDetails":[],"failureMessages":[],"fullName":"ChromeUpdateService compareVersions should compare versions correctly","invocations":1,"location":null,"numPassingAsserts":4,"retryReasons":[],"status":"passed","title":"should compare versions correctly"},{"ancestorTitles":["ChromeUpdateService","checkForUpdates"],"duration":9,"failureDetails":[{"matcherResult":{"actual":false,"expected":true,"message":"\u001b[2mexpect(\u001b[22m\u001b[31mreceived\u001b[39m\u001b[2m).\u001b[22mtoBe\u001b[2m(\u001b[22m\u001b[32mexpected\u001b[39m\u001b[2m) // Object.is equality\u001b[22m\n\nExpected: \u001b[32mtrue\u001b[39m\nReceived: \u001b[31mfalse\u001b[39m","name":"toBe","pass":false}}],"failureMessages":["Error: \u001b[2mexpect(\u001b[22m\u001b[31mreceived\u001b[39m\u001b[2m).\u001b[22mtoBe\u001b[2m(\u001b[22m\u001b[32mexpected\u001b[39m\u001b[2m) // Object.is equality\u001b[22m\n\nExpected: \u001b[32mtrue\u001b[39m\nReceived: \u001b[31mfalse\u001b[39m\n    at Object.<anonymous> (C:\\Users\\bhenn\\workspace\\zapfacil\\tests\\unit\\services\\ChromeUpdateService.test.ts:128:25)"],"fullName":"ChromeUpdateService checkForUpdates should return true when update is available","invocations":1,"location":null,"numPassingAsserts":0,"retryReasons":[],"status":"failed","title":"should return true when update is available"},{"ancestorTitles":["ChromeUpdateService","checkForUpdates"],"duration":1,"failureDetails":[],"failureMessages":[],"fullName":"ChromeUpdateService checkForUpdates should return false when no update available","invocations":1,"location":null,"numPassingAsserts":1,"retryReasons":[],"status":"passed","title":"should return false when no update available"},{"ancestorTitles":["ChromeUpdateService","checkForUpdates"],"duration":1,"failureDetails":[],"failureMessages":[],"fullName":"ChromeUpdateService checkForUpdates should handle errors gracefully","invocations":1,"location":null,"numPassingAsserts":1,"retryReasons":[],"status":"passed","title":"should handle errors gracefully"},{"ancestorTitles":["ChromeUpdateService","checkForUpdates"],"duration":1,"failureDetails":[{"matcherResult":{"actual":false,"expected":true,"message":"\u001b[2mexpect(\u001b[22m\u001b[31mreceived\u001b[39m\u001b[2m).\u001b[22mtoBe\u001b[2m(\u001b[22m\u001b[32mexpected\u001b[39m\u001b[2m) // Object.is equality\u001b[22m\n\nExpected: \u001b[32mtrue\u001b[39m\nReceived: \u001b[31mfalse\u001b[39m","name":"toBe","pass":false}}],"failureMessages":["Error: \u001b[2mexpect(\u001b[22m\u001b[31mreceived\u001b[39m\u001b[2m).\u001b[22mtoBe\u001b[2m(\u001b[22m\u001b[32mexpected\u001b[39m\u001b[2m) // Object.is equality\u001b[22m\n\nExpected: \u001b[32mtrue\u001b[39m\nReceived: \u001b[31mfalse\u001b[39m\n    at Object.<anonymous> (C:\\Users\\bhenn\\workspace\\zapfacil\\tests\\unit\\services\\ChromeUpdateService.test.ts:169:25)"],"fullName":"ChromeUpdateService checkForUpdates should return true when ChromeDriver is missing but Chrome is installed","invocations":1,"location":null,"numPassingAsserts":0,"retryReasons":[],"status":"failed","title":"should return true when ChromeDriver is missing but Chrome is installed"},{"ancestorTitles":["ChromeUpdateService","resolveCompatibleDriver"],"duration":1,"failureDetails":[{}],"failureMessages":["Error: No ChromeDriver download available for platform win64\n    at ChromeUpdateService.resolveLatestStableDriver (C:\\Users\\bhenn\\workspace\\zapfacil\\src\\main\\services\\ChromeUpdateService.ts:246:13)\n    at ChromeUpdateService.resolveCompatibleDriver (C:\\Users\\bhenn\\workspace\\zapfacil\\src\\main\\services\\ChromeUpdateService.ts:220:14)\n    at Object.<anonymous> (C:\\Users\\bhenn\\workspace\\zapfacil\\tests\\unit\\services\\ChromeUpdateService.test.ts:194:22)"],"fullName":"ChromeUpdateService resolveCompatibleDriver should fall back to Stable when patch endpoint has no exact match","invocations":1,"location":null,"numPassingAsserts":0,"retryReasons":[],"status":"failed","title":"should fall back to Stable when patch endpoint has no exact match"},{"ancestorTitles":["ChromeUpdateService","resolveCompatibleDriver"],"duration":1,"failureDetails":[],"failureMessages":[],"fullName":"ChromeUpdateService resolveCompatibleDriver should fall back to Stable when patch endpoint fails","invocations":1,"location":null,"numPassingAsserts":1,"retryReasons":[],"status":"passed","title":"should fall back to Stable when patch endpoint fails"},{"ancestorTitles":["ChromeUpdateService","resolveCompatibleDriver"],"duration":16,"failureDetails":[{"matcherResult":{"message":"\u001b[2mexpect(\u001b[22m\u001b[31mreceived\u001b[39m\u001b[2m).\u001b[22mrejects\u001b[2m.\u001b[22mtoThrow\u001b[2m(\u001b[22m\u001b[32mexpected\u001b[39m\u001b[2m)\u001b[22m\n\nExpected substring: \u001b[32m\"No ChromeDriver download available\"\u001b[39m\nReceived message:   \u001b[31m\"network\"\u001b[39m\n\n    \u001b[0m \u001b[90m 207 |\u001b[39m       })\n     \u001b[90m 208 |\u001b[39m       \u001b[33m;\u001b[39m(axios\u001b[33m.\u001b[39m\u001b[36mget\u001b[39m \u001b[36mas\u001b[39m jest\u001b[33m.\u001b[39m\u001b[33mMock\u001b[39m)\n    \u001b[31m\u001b[1m>\u001b[22m\u001b[39m\u001b[90m 209 |\u001b[39m         \u001b[33m.\u001b[39mmockRejectedValueOnce(\u001b[36mnew\u001b[39m \u001b[33mError\u001b[39m(\u001b[32m'network'\u001b[39m))\n     \u001b[90m     |\u001b[39m                                \u001b[31m\u001b[1m^\u001b[22m\u001b[39m\n     \u001b[90m 210 |\u001b[39m         \u001b[33m.\u001b[39mmockResolvedValueOnce({\n     \u001b[90m 211 |\u001b[39m           data\u001b[33m:\u001b[39m {\n     \u001b[90m 212 |\u001b[39m             channels\u001b[33m:\u001b[39m {\u001b[0m\n\n      \u001b[2mat Object.<anonymous> (\u001b[22mtests/unit/services/ChromeUpdateService.test.ts\u001b[2m:209:32)\u001b[22m","pass":false},"message":"\u001b[2mexpect(\u001b[22m\u001b[31mreceived\u001b[39m\u001b[2m).\u001b[22mrejects\u001b[2m.\u001b[22mtoThrow\u001b[2m(\u001b[22m\u001b[32mexpected\u001b[39m\u001b[2m)\u001b[22m\n\nExpected substring: \u001b[32m\"No ChromeDriver download available\"\u001b[39m\nReceived message:   \u001b[31m\"network\"\u001b[39m\n\n    \u001b[0m \u001b[90m 207 |\u001b[39m       })\n     \u001b[90m 208 |\u001b[39m       \u001b[33m;\u001b[39m(axios\u001b[33m.\u001b[39m\u001b[36mget\u001b[39m \u001b[36mas\u001b[39m jest\u001b[33m.\u001b[39m\u001b[33mMock\u001b[39m)\n    \u001b[31m\u001b[1m>\u001b[22m\u001b[39m\u001b[90m 209 |\u001b[39m         \u001b[33m.\u001b[39mmockRejectedValueOnce(\u001b[36mnew\u001b[39m \u001b[33mError\u001b[39m(\u001b[32m'network'\u001b[39m))\n     \u001b[90m     |\u001b[39m                                \u001b[31m\u001b[1m^\u001b[22m\u001b[39m\n     \u001b[90m 210 |\u001b[39m         \u001b[33m.\u001b[39mmockResolvedValueOnce({\n     \u001b[90m 211 |\u001b[39m           data\u001b[33m:\u001b[39m {\n     \u001b[90m 212 |\u001b[39m             channels\u001b[33m:\u001b[39m {\u001b[0m\n\n      \u001b[2mat Object.<anonymous> (\u001b[22mtests/unit/services/ChromeUpdateService.test.ts\u001b[2m:209:32)\u001b[22m"}],"failureMessages":["Error: \u001b[2mexpect(\u001b[22m\u001b[31mreceived\u001b[39m\u001b[2m).\u001b[22mrejects\u001b[2m.\u001b[22mtoThrow\u001b[2m(\u001b[22m\u001b[32mexpected\u001b[39m\u001b[2m)\u001b[22m\n\nExpected substring: \u001b[32m\"No ChromeDriver download available\"\u001b[39m\nReceived message:   \u001b[31m\"network\"\u001b[39m\n\n    \u001b[0m \u001b[90m 207 |\u001b[39m       })\n     \u001b[90m 208 |\u001b[39m       \u001b[33m;\u001b[39m(axios\u001b[33m.\u001b[39m\u001b[36mget\u001b[39m \u001b[36mas\u001b[39m jest\u001b[33m.\u001b[39m\u001b[33mMock\u001b[39m)\n    \u001b[31m\u001b[1m>\u001b[22m\u001b[39m\u001b[90m 209 |\u001b[39m         \u001b[33m.\u001b[39mmockRejectedValueOnce(\u001b[36mnew\u001b[39m \u001b[33mError\u001b[39m(\u001b[32m'network'\u001b[39m))\n     \u001b[90m     |\u001b[39m                                \u001b[31m\u001b[1m^\u001b[22m\u001b[39m\n     \u001b[90m 210 |\u001b[39m         \u001b[33m.\u001b[39mmockResolvedValueOnce({\n     \u001b[90m 211 |\u001b[39m           data\u001b[33m:\u001b[39m {\n     \u001b[90m 212 |\u001b[39m             channels\u001b[33m:\u001b[39m {\u001b[0m\n\n      \u001b[2mat Object.<anonymous> (\u001b[22mtests/unit/services/ChromeUpdateService.test.ts\u001b[2m:209:32)\u001b[22m\n    at Object.toThrow (C:\\Users\\bhenn\\workspace\\zapfacil\\node_modules\\expect\\build\\index.js:218:22)\n    at Object.<anonymous> (C:\\Users\\bhenn\\workspace\\zapfacil\\tests\\unit\\services\\ChromeUpdateService.test.ts:246:72)\n    at Promise.then.completed (C:\\Users\\bhenn\\workspace\\zapfacil\\node_modules\\jest-circus\\build\\utils.js:298:28)\n    at new Promise (<anonymous>)\n    at callAsyncCircusFn (C:\\Users\\bhenn\\workspace\\zapfacil\\node_modules\\jest-circus\\build\\utils.js:231:10)\n    at _callCircusTest (C:\\Users\\bhenn\\workspace\\zapfacil\\node_modules\\jest-circus\\build\\run.js:316:40)\n    at _runTest (C:\\Users\\bhenn\\workspace\\zapfacil\\node_modules\\jest-circus\\build\\run.js:252:3)\n    at _runTestsForDescribeBlock (C:\\Users\\bhenn\\workspace\\zapfacil\\node_modules\\jest-circus\\build\\run.js:126:9)\n    at _runTestsForDescribeBlock (C:\\Users\\bhenn\\workspace\\zapfacil\\node_modules\\jest-circus\\build\\run.js:121:9)\n    at _runTestsForDescribeBlock (C:\\Users\\bhenn\\workspace\\zapfacil\\node_modules\\jest-circus\\build\\run.js:121:9)\n    at run (C:\\Users\\bhenn\\workspace\\zapfacil\\node_modules\\jest-circus\\build\\run.js:71:3)\n    at runAndTransformResultsToJestFormat (C:\\Users\\bhenn\\workspace\\zapfacil\\node_modules\\jest-circus\\build\\legacy-code-todo-rewrite\\jestAdapterInit.js:122:21)\n    at jestAdapter (C:\\Users\\bhenn\\workspace\\zapfacil\\node_modules\\jest-circus\\build\\legacy-code-todo-rewrite\\jestAdapter.js:79:19)\n    at runTestInternal (C:\\Users\\bhenn\\workspace\\zapfacil\\node_modules\\jest-runner\\build\\runTest.js:367:16)\n    at runTest (C:\\Users\\bhenn\\workspace\\zapfacil\\node_modules\\jest-runner\\build\\runTest.js:444:34)"],"fullName":"ChromeUpdateService resolveCompatibleDriver should throw when Stable has no matching download","invocations":1,"location":null,"numPassingAsserts":0,"retryReasons":[],"status":"failed","title":"should throw when Stable has no matching download"},{"ancestorTitles":["ChromeUpdateService","downloadLatestDriver"],"duration":1,"failureDetails":[{}],"failureMessages":["TypeError: cb is not a function\n    at C:\\Users\\bhenn\\workspace\\zapfacil\\tests\\unit\\services\\ChromeUpdateService.test.ts:263:9\n    at C:\\Users\\bhenn\\workspace\\zapfacil\\node_modules\\jest-mock\\build\\index.js:397:39\n    at C:\\Users\\bhenn\\workspace\\zapfacil\\node_modules\\jest-mock\\build\\index.js:404:13\n    at mockConstructor (C:\\Users\\bhenn\\workspace\\zapfacil\\node_modules\\jest-mock\\build\\index.js:148:19)\n    at execFile (eval at _createMockFunction (C:\\Users\\bhenn\\workspace\\zapfacil\\node_modules\\jest-mock\\build\\index.js:566:31), <anonymous>:3:54)\n    at node:internal/util:513:21\n    at new Promise (<anonymous>)\n    at execFile (node:internal/util:499:12)\n    at ChromeUpdateService.extractDriver (C:\\Users\\bhenn\\workspace\\zapfacil\\src\\main\\services\\ChromeUpdateService.ts:258:15)\n    at ChromeUpdateService.downloadLatestDriver (C:\\Users\\bhenn\\workspace\\zapfacil\\src\\main\\services\\ChromeUpdateService.ts:123:18)\n    at Object.<anonymous> (C:\\Users\\bhenn\\workspace\\zapfacil\\tests\\unit\\services\\ChromeUpdateService.test.ts:269:26)"],"fullName":"ChromeUpdateService downloadLatestDriver should download, extract and return the managed driver path","invocations":1,"location":null,"numPassingAsserts":0,"retryReasons":[],"status":"failed","title":"should download, extract and return the managed driver path"},{"ancestorTitles":["ChromeUpdateService","platform and archive helpers"],"duration":1,"failureDetails":[],"failureMessages":[],"fullName":"ChromeUpdateService platform and archive helpers should resolve Chrome for Testing platform for win32/x64","invocations":1,"location":null,"numPassingAsserts":1,"retryReasons":[],"status":"passed","title":"should resolve Chrome for Testing platform for win32/x64"},{"ancestorTitles":["ChromeUpdateService","platform and archive helpers"],"duration":0,"failureDetails":[],"failureMessages":[],"fullName":"ChromeUpdateService platform and archive helpers should resolve Chrome for Testing platform for win32/ia32","invocations":1,"location":null,"numPassingAsserts":1,"retryReasons":[],"status":"passed","title":"should resolve Chrome for Testing platform for win32/ia32"},{"ancestorTitles":["ChromeUpdateService","platform and archive helpers"],"duration":0,"failureDetails":[],"failureMessages":[],"fullName":"ChromeUpdateService platform and archive helpers should resolve Chrome for Testing platform for darwin/arm64","invocations":1,"location":null,"numPassingAsserts":1,"retryReasons":[],"status":"passed","title":"should resolve Chrome for Testing platform for darwin/arm64"},{"ancestorTitles":["ChromeUpdateService","platform and archive helpers"],"duration":0,"failureDetails":[],"failureMessages":[],"fullName":"ChromeUpdateService platform and archive helpers should resolve Chrome for Testing platform for darwin/x64","invocations":1,"location":null,"numPassingAsserts":1,"retryReasons":[],"status":"passed","title":"should resolve Chrome for Testing platform for darwin/x64"},{"ancestorTitles":["ChromeUpdateService","platform and archive helpers"],"duration":0,"failureDetails":[],"failureMessages":[],"fullName":"ChromeUpdateService platform and archive helpers should resolve Chrome for Testing platform for linux/x64","invocations":1,"location":null,"numPassingAsserts":1,"retryReasons":[],"status":"passed","title":"should resolve Chrome for Testing platform for linux/x64"},{"ancestorTitles":["ChromeUpdateService","platform and archive helpers"],"duration":1,"failureDetails":[],"failureMessages":[],"fullName":"ChromeUpdateService platform and archive helpers should find extracted driver in nested directories","invocations":1,"location":null,"numPassingAsserts":1,"retryReasons":[],"status":"passed","title":"should find extracted driver in nested directories"},{"ancestorTitles":["ChromeUpdateService","platform and archive helpers"],"duration":0,"failureDetails":[],"failureMessages":[],"fullName":"ChromeUpdateService platform and archive helpers should continue searching when nested directories do not contain the driver","invocations":1,"location":null,"numPassingAsserts":1,"retryReasons":[],"status":"passed","title":"should continue searching when nested directories do not contain the driver"},{"ancestorTitles":["ChromeUpdateService","platform and archive helpers"],"duration":1,"failureDetails":[],"failureMessages":[],"fullName":"ChromeUpdateService platform and archive helpers should throw when extracted driver is not found","invocations":1,"location":null,"numPassingAsserts":1,"retryReasons":[],"status":"passed","title":"should throw when extracted driver is not found"}],"endTime":1778968822802,"message":"\u001b[1m\u001b[31m  \u001b[1m● \u001b[22m\u001b[1mChromeUpdateService › getCurrentVersion › should return ChromeDriver version when driver exists\u001b[39m\u001b[22m\n\n    \u001b[2mexpect(\u001b[22m\u001b[31mreceived\u001b[39m\u001b[2m).\u001b[22mtoBe\u001b[2m(\u001b[22m\u001b[32mexpected\u001b[39m\u001b[2m) // Object.is equality\u001b[22m\n\n    Expected: \u001b[32m\"118.0.5993.70\"\u001b[39m\n    Received: \u001b[31m\"\"\u001b[39m\n\u001b[2m\u001b[22m\n\u001b[2m    \u001b[0m \u001b[90m 63 |\u001b[39m       \u001b[36mconst\u001b[39m version \u001b[33m=\u001b[39m \u001b[36mawait\u001b[39m service\u001b[33m.\u001b[39mgetCurrentVersion()\u001b[33m;\u001b[39m\u001b[22m\n\u001b[2m     \u001b[90m 64 |\u001b[39m\u001b[22m\n\u001b[2m    \u001b[31m\u001b[1m>\u001b[22m\u001b[2m\u001b[39m\u001b[90m 65 |\u001b[39m       expect(version)\u001b[33m.\u001b[39mtoBe(\u001b[32m'118.0.5993.70'\u001b[39m)\u001b[33m;\u001b[39m\u001b[22m\n\u001b[2m     \u001b[90m    |\u001b[39m                       \u001b[31m\u001b[1m^\u001b[22m\u001b[2m\u001b[39m\u001b[22m\n\u001b[2m     \u001b[90m 66 |\u001b[39m     })\u001b[22m\n\u001b[2m     \u001b[90m 67 |\u001b[39m\u001b[22m\n\u001b[2m     \u001b[90m 68 |\u001b[39m     it(\u001b[32m'should return cached version on second call'\u001b[39m\u001b[33m,\u001b[39m \u001b[36masync\u001b[39m () \u001b[33m=>\u001b[39m {\u001b[0m\u001b[22m\n\u001b[2m\u001b[22m\n\u001b[2m      \u001b[2mat Object.<anonymous> (\u001b[22m\u001b[2m\u001b[0m\u001b[36mtests/unit/services/ChromeUpdateService.test.ts\u001b[39m\u001b[0m\u001b[2m:65:23)\u001b[22m\u001b[2m\u001b[22m\n\n\u001b[1m\u001b[31m  \u001b[1m● \u001b[22m\u001b[1mChromeUpdateService › getCurrentVersion › should return cached version on second call\u001b[39m\u001b[22m\n\n    \u001b[2mexpect(\u001b[22m\u001b[31mreceived\u001b[39m\u001b[2m).\u001b[22mtoBe\u001b[2m(\u001b[22m\u001b[32mexpected\u001b[39m\u001b[2m) // Object.is equality\u001b[22m\n\n    Expected: \u001b[32m\"118.0.5993.70\"\u001b[39m\n    Received: \u001b[31m\"\"\u001b[39m\n\u001b[2m\u001b[22m\n\u001b[2m    \u001b[0m \u001b[90m 75 |\u001b[39m       \u001b[36mconst\u001b[39m version2 \u001b[33m=\u001b[39m \u001b[36mawait\u001b[39m service\u001b[33m.\u001b[39mgetCurrentVersion()\u001b[33m;\u001b[39m\u001b[22m\n\u001b[2m     \u001b[90m 76 |\u001b[39m\u001b[22m\n\u001b[2m    \u001b[31m\u001b[1m>\u001b[22m\u001b[2m\u001b[39m\u001b[90m 77 |\u001b[39m       expect(version2)\u001b[33m.\u001b[39mtoBe(\u001b[32m'118.0.5993.70'\u001b[39m)\u001b[33m;\u001b[39m\u001b[22m\n\u001b[2m     \u001b[90m    |\u001b[39m                        \u001b[31m\u001b[1m^\u001b[22m\u001b[2m\u001b[39m\u001b[22m\n\u001b[2m     \u001b[90m 78 |\u001b[39m       expect(execFile)\u001b[33m.\u001b[39mtoHaveBeenCalledTimes(\u001b[35m1\u001b[39m)\u001b[33m;\u001b[39m \u001b[90m// Only called once due to cache\u001b[39m\u001b[22m\n\u001b[2m     \u001b[90m 79 |\u001b[39m     })\u001b[22m\n\u001b[2m     \u001b[90m 80 |\u001b[39m\u001b[0m\u001b[22m\n\u001b[2m\u001b[22m\n\u001b[2m      \u001b[2mat Object.<anonymous> (\u001b[22m\u001b[2m\u001b[0m\u001b[36mtests/unit/services/ChromeUpdateService.test.ts\u001b[39m\u001b[0m\u001b[2m:77:24)\u001b[22m\u001b[2m\u001b[22m\n\n\u001b[1m\u001b[31m  \u001b[1m● \u001b[22m\u001b[1mChromeUpdateService › checkForUpdates › should return true when update is available\u001b[39m\u001b[22m\n\n    \u001b[2mexpect(\u001b[22m\u001b[31mreceived\u001b[39m\u001b[2m).\u001b[22mtoBe\u001b[2m(\u001b[22m\u001b[32mexpected\u001b[39m\u001b[2m) // Object.is equality\u001b[22m\n\n    Expected: \u001b[32mtrue\u001b[39m\n    Received: \u001b[31mfalse\u001b[39m\n\u001b[2m\u001b[22m\n\u001b[2m    \u001b[0m \u001b[90m 126 |\u001b[39m       \u001b[36mconst\u001b[39m hasUpdate \u001b[33m=\u001b[39m \u001b[36mawait\u001b[39m service\u001b[33m.\u001b[39mcheckForUpdates()\u001b[33m;\u001b[39m\u001b[22m\n\u001b[2m     \u001b[90m 127 |\u001b[39m\u001b[22m\n\u001b[2m    \u001b[31m\u001b[1m>\u001b[22m\u001b[2m\u001b[39m\u001b[90m 128 |\u001b[39m       expect(hasUpdate)\u001b[33m.\u001b[39mtoBe(\u001b[36mtrue\u001b[39m)\u001b[33m;\u001b[39m\u001b[22m\n\u001b[2m     \u001b[90m     |\u001b[39m                         \u001b[31m\u001b[1m^\u001b[22m\u001b[2m\u001b[39m\u001b[22m\n\u001b[2m     \u001b[90m 129 |\u001b[39m     })\u001b[22m\n\u001b[2m     \u001b[90m 130 |\u001b[39m\u001b[22m\n\u001b[2m     \u001b[90m 131 |\u001b[39m     it(\u001b[32m'should return false when no update available'\u001b[39m\u001b[33m,\u001b[39m \u001b[36masync\u001b[39m () \u001b[33m=>\u001b[39m {\u001b[0m\u001b[22m\n\u001b[2m\u001b[22m\n\u001b[2m      \u001b[2mat Object.<anonymous> (\u001b[22m\u001b[2m\u001b[0m\u001b[36mtests/unit/services/ChromeUpdateService.test.ts\u001b[39m\u001b[0m\u001b[2m:128:25)\u001b[22m\u001b[2m\u001b[22m\n\n\u001b[1m\u001b[31m  \u001b[1m● \u001b[22m\u001b[1mChromeUpdateService › checkForUpdates › should return true when ChromeDriver is missing but Chrome is installed\u001b[39m\u001b[22m\n\n    \u001b[2mexpect(\u001b[22m\u001b[31mreceived\u001b[39m\u001b[2m).\u001b[22mtoBe\u001b[2m(\u001b[22m\u001b[32mexpected\u001b[39m\u001b[2m) // Object.is equality\u001b[22m\n\n    Expected: \u001b[32mtrue\u001b[39m\n    Received: \u001b[31mfalse\u001b[39m\n\u001b[2m\u001b[22m\n\u001b[2m    \u001b[0m \u001b[90m 167 |\u001b[39m       \u001b[36mconst\u001b[39m hasUpdate \u001b[33m=\u001b[39m \u001b[36mawait\u001b[39m service\u001b[33m.\u001b[39mcheckForUpdates()\u001b[22m\n\u001b[2m     \u001b[90m 168 |\u001b[39m\u001b[22m\n\u001b[2m    \u001b[31m\u001b[1m>\u001b[22m\u001b[2m\u001b[39m\u001b[90m 169 |\u001b[39m       expect(hasUpdate)\u001b[33m.\u001b[39mtoBe(\u001b[36mtrue\u001b[39m)\u001b[22m\n\u001b[2m     \u001b[90m     |\u001b[39m                         \u001b[31m\u001b[1m^\u001b[22m\u001b[2m\u001b[39m\u001b[22m\n\u001b[2m     \u001b[90m 170 |\u001b[39m     })\u001b[22m\n\u001b[2m     \u001b[90m 171 |\u001b[39m   })\u001b[22m\n\u001b[2m     \u001b[90m 172 |\u001b[39m\u001b[0m\u001b[22m\n\u001b[2m\u001b[22m\n\u001b[2m      \u001b[2mat Object.<anonymous> (\u001b[22m\u001b[2m\u001b[0m\u001b[36mtests/unit/services/ChromeUpdateService.test.ts\u001b[39m\u001b[0m\u001b[2m:169:25)\u001b[22m\u001b[2m\u001b[22m\n\n\u001b[1m\u001b[31m  \u001b[1m● \u001b[22m\u001b[1mChromeUpdateService › resolveCompatibleDriver › should fall back to Stable when patch endpoint has no exact match\u001b[39m\u001b[22m\n\n    No ChromeDriver download available for platform win64\n\u001b[2m\u001b[22m\n\u001b[2m    \u001b[0m \u001b[90m 244 |\u001b[39m\u001b[22m\n\u001b[2m     \u001b[90m 245 |\u001b[39m     \u001b[36mif\u001b[39m (\u001b[33m!\u001b[39mstable\u001b[33m?\u001b[39m\u001b[33m.\u001b[39mversion \u001b[33m||\u001b[39m \u001b[33m!\u001b[39mdownload\u001b[33m?\u001b[39m\u001b[33m.\u001b[39murl) {\u001b[22m\n\u001b[2m    \u001b[31m\u001b[1m>\u001b[22m\u001b[2m\u001b[39m\u001b[90m 246 |\u001b[39m       \u001b[36mthrow\u001b[39m \u001b[36mnew\u001b[39m \u001b[33mError\u001b[39m(\u001b[32m`No ChromeDriver download available for platform ${platform}`\u001b[39m)\u001b[22m\n\u001b[2m     \u001b[90m     |\u001b[39m             \u001b[31m\u001b[1m^\u001b[22m\u001b[2m\u001b[39m\u001b[22m\n\u001b[2m     \u001b[90m 247 |\u001b[39m     }\u001b[22m\n\u001b[2m     \u001b[90m 248 |\u001b[39m\u001b[22m\n\u001b[2m     \u001b[90m 249 |\u001b[39m     \u001b[36mthis\u001b[39m\u001b[33m.\u001b[39mlogger\u001b[33m.\u001b[39minfo(\u001b[32m`Using latest stable ChromeDriver ${stable.version}`\u001b[39m)\u001b[0m\u001b[22m\n\u001b[2m\u001b[22m\n\u001b[2m      \u001b[2mat ChromeUpdateService.resolveLatestStableDriver (\u001b[22m\u001b[2msrc/main/services/ChromeUpdateService.ts\u001b[2m:246:13)\u001b[22m\u001b[2m\u001b[22m\n\u001b[2m      \u001b[2mat ChromeUpdateService.resolveCompatibleDriver (\u001b[22m\u001b[2msrc/main/services/ChromeUpdateService.ts\u001b[2m:220:14)\u001b[22m\u001b[2m\u001b[22m\n\u001b[2m      \u001b[2mat Object.<anonymous> (\u001b[22m\u001b[2m\u001b[0m\u001b[36mtests/unit/services/ChromeUpdateService.test.ts\u001b[39m\u001b[0m\u001b[2m:194:22)\u001b[22m\u001b[2m\u001b[22m\n\n\u001b[1m\u001b[31m  \u001b[1m● \u001b[22m\u001b[1mChromeUpdateService › resolveCompatibleDriver › should throw when Stable has no matching download\u001b[39m\u001b[22m\n\n    \u001b[2mexpect(\u001b[22m\u001b[31mreceived\u001b[39m\u001b[2m).\u001b[22mrejects\u001b[2m.\u001b[22mtoThrow\u001b[2m(\u001b[22m\u001b[32mexpected\u001b[39m\u001b[2m)\u001b[22m\n\n    Expected substring: \u001b[32m\"No ChromeDriver download available\"\u001b[39m\n    Received message:   \u001b[31m\"network\"\u001b[39m\n\n        \u001b[0m \u001b[90m 207 |\u001b[39m       })\n         \u001b[90m 208 |\u001b[39m       \u001b[33m;\u001b[39m(axios\u001b[33m.\u001b[39m\u001b[36mget\u001b[39m \u001b[36mas\u001b[39m jest\u001b[33m.\u001b[39m\u001b[33mMock\u001b[39m)\n        \u001b[31m\u001b[1m>\u001b[22m\u001b[39m\u001b[90m 209 |\u001b[39m         \u001b[33m.\u001b[39mmockRejectedValueOnce(\u001b[36mnew\u001b[39m \u001b[33mError\u001b[39m(\u001b[32m'network'\u001b[39m))\n         \u001b[90m     |\u001b[39m                                \u001b[31m\u001b[1m^\u001b[22m\u001b[39m\n         \u001b[90m 210 |\u001b[39m         \u001b[33m.\u001b[39mmockResolvedValueOnce({\n         \u001b[90m 211 |\u001b[39m           data\u001b[33m:\u001b[39m {\n         \u001b[90m 212 |\u001b[39m             channels\u001b[33m:\u001b[39m {\u001b[0m\n\n          \u001b[2mat Object.<anonymous> (\u001b[22mtests/unit/services/ChromeUpdateService.test.ts\u001b[2m:209:32)\u001b[22m\n\u001b[2m\u001b[22m\n\u001b[2m    \u001b[0m \u001b[90m 244 |\u001b[39m         })\u001b[22m\n\u001b[2m     \u001b[90m 245 |\u001b[39m\u001b[22m\n\u001b[2m    \u001b[31m\u001b[1m>\u001b[22m\u001b[2m\u001b[39m\u001b[90m 246 |\u001b[39m       \u001b[36mawait\u001b[39m expect((service \u001b[36mas\u001b[39m any)\u001b[33m.\u001b[39mresolveCompatibleDriver())\u001b[33m.\u001b[39mrejects\u001b[33m.\u001b[39mtoThrow(\u001b[22m\n\u001b[2m     \u001b[90m     |\u001b[39m                                                                        \u001b[31m\u001b[1m^\u001b[22m\u001b[2m\u001b[39m\u001b[22m\n\u001b[2m     \u001b[90m 247 |\u001b[39m         \u001b[32m'No ChromeDriver download available'\u001b[39m\u001b[22m\n\u001b[2m     \u001b[90m 248 |\u001b[39m       )\u001b[22m\n\u001b[2m     \u001b[90m 249 |\u001b[39m     })\u001b[0m\u001b[22m\n\u001b[2m\u001b[22m\n\u001b[2m      \u001b[2mat Object.toThrow (\u001b[22m\u001b[2mnode_modules/expect/build/index.js\u001b[2m:218:22)\u001b[22m\u001b[2m\u001b[22m\n\u001b[2m      \u001b[2mat Object.<anonymous> (\u001b[22m\u001b[2m\u001b[0m\u001b[36mtests/unit/services/ChromeUpdateService.test.ts\u001b[39m\u001b[0m\u001b[2m:246:72)\u001b[22m\u001b[2m\u001b[22m\n\n\u001b[1m\u001b[31m  \u001b[1m● \u001b[22m\u001b[1mChromeUpdateService › downloadLatestDriver › should download, extract and return the managed driver path\u001b[39m\u001b[22m\n\n    TypeError: cb is not a function\n\u001b[2m\u001b[22m\n\u001b[2m    \u001b[0m \u001b[90m 261 |\u001b[39m       ])\u001b[22m\n\u001b[2m     \u001b[90m 262 |\u001b[39m       \u001b[33m;\u001b[39m(execFile \u001b[36mas\u001b[39m unknown \u001b[36mas\u001b[39m jest\u001b[33m.\u001b[39m\u001b[33mMock\u001b[39m)\u001b[33m.\u001b[39mmockImplementation((cmd\u001b[33m,\u001b[39m args\u001b[33m,\u001b[39m cb) \u001b[33m=>\u001b[39m {\u001b[22m\n\u001b[2m    \u001b[31m\u001b[1m>\u001b[22m\u001b[2m\u001b[39m\u001b[90m 263 |\u001b[39m         cb(\u001b[36mnull\u001b[39m\u001b[33m,\u001b[39m { stdout\u001b[33m:\u001b[39m \u001b[32m'Google Chrome 118.0.0000.00'\u001b[39m }\u001b[33m,\u001b[39m \u001b[32m''\u001b[39m)\u001b[22m\n\u001b[2m     \u001b[90m     |\u001b[39m         \u001b[31m\u001b[1m^\u001b[22m\u001b[2m\u001b[39m\u001b[22m\n\u001b[2m     \u001b[90m 264 |\u001b[39m       })\u001b[22m\n\u001b[2m     \u001b[90m 265 |\u001b[39m       \u001b[33m;\u001b[39m(axios\u001b[33m.\u001b[39m\u001b[36mget\u001b[39m \u001b[36mas\u001b[39m jest\u001b[33m.\u001b[39m\u001b[33mMock\u001b[39m)\u001b[22m\n\u001b[2m     \u001b[90m 266 |\u001b[39m         \u001b[33m.\u001b[39mmockResolvedValueOnce({ data\u001b[33m:\u001b[39m chromeDownloadPayload })\u001b[0m\u001b[22m\n\u001b[2m\u001b[22m\n\u001b[2m      \u001b[2mat \u001b[22m\u001b[2m\u001b[0m\u001b[36mtests/unit/services/ChromeUpdateService.test.ts\u001b[39m\u001b[0m\u001b[2m:263:9\u001b[22m\u001b[2m\u001b[22m\n\u001b[2m      \u001b[2mat ChromeUpdateService.extractDriver (\u001b[22m\u001b[2msrc/main/services/ChromeUpdateService.ts\u001b[2m:258:15)\u001b[22m\u001b[2m\u001b[22m\n\u001b[2m      \u001b[2mat ChromeUpdateService.downloadLatestDriver (\u001b[22m\u001b[2msrc/main/services/ChromeUpdateService.ts\u001b[2m:123:18)\u001b[22m\u001b[2m\u001b[22m\n\u001b[2m      \u001b[2mat Object.<anonymous> (\u001b[22m\u001b[2m\u001b[0m\u001b[36mtests/unit/services/ChromeUpdateService.test.ts\u001b[39m\u001b[0m\u001b[2m:269:26)\u001b[22m\u001b[2m\u001b[22m\n","name":"C:\\Users\\bhenn\\workspace\\zapfacil\\tests\\unit\\services\\ChromeUpdateService.test.ts","startTime":1778968820782,"status":"failed","summary":""},{"assertionResults":[{"ancestorTitles":["WhatsAppAutomationService","validatePhoneNumber"],"duration":1,"failureDetails":[],"failureMessages":[],"fullName":"WhatsAppAutomationService validatePhoneNumber should validate valid phone numbers","invocations":1,"location":null,"numPassingAsserts":2,"retryReasons":[],"status":"passed","title":"should validate valid phone numbers"},{"ancestorTitles":["WhatsAppAutomationService","validatePhoneNumber"],"duration":1,"failureDetails":[],"failureMessages":[],"fullName":"WhatsAppAutomationService validatePhoneNumber should reject invalid phone numbers","invocations":1,"location":null,"numPassingAsserts":2,"retryReasons":[],"status":"passed","title":"should reject invalid phone numbers"},{"ancestorTitles":["WhatsAppAutomationService","sendMessage"],"duration":1,"failureDetails":[],"failureMessages":[],"fullName":"WhatsAppAutomationService sendMessage should send message to valid contact","invocations":1,"location":null,"numPassingAsserts":3,"retryReasons":[],"status":"passed","title":"should send message to valid contact"},{"ancestorTitles":["WhatsAppAutomationService","sendMessage"],"duration":10,"failureDetails":[],"failureMessages":[],"fullName":"WhatsAppAutomationService sendMessage should throw on invalid phone number","invocations":1,"location":null,"numPassingAsserts":1,"retryReasons":[],"status":"passed","title":"should throw on invalid phone number"},{"ancestorTitles":["WhatsAppAutomationService","sendMessage"],"duration":2,"failureDetails":[],"failureMessages":[],"fullName":"WhatsAppAutomationService sendMessage should throw on empty message","invocations":1,"location":null,"numPassingAsserts":2,"retryReasons":[],"status":"passed","title":"should throw on empty message"},{"ancestorTitles":["WhatsAppAutomationService","sendMessage"],"duration":1,"failureDetails":[],"failureMessages":[],"fullName":"WhatsAppAutomationService sendMessage should format phone number correctly in URL","invocations":1,"location":null,"numPassingAsserts":2,"retryReasons":[],"status":"passed","title":"should format phone number correctly in URL"},{"ancestorTitles":["WhatsAppAutomationService","sendMessage"],"duration":1,"failureDetails":[],"failureMessages":[],"fullName":"WhatsAppAutomationService sendMessage should handle findElement timeout","invocations":1,"location":null,"numPassingAsserts":1,"retryReasons":[],"status":"passed","title":"should handle findElement timeout"},{"ancestorTitles":["WhatsAppAutomationService","sendMessageToContacts"],"duration":1,"failureDetails":[],"failureMessages":[],"fullName":"WhatsAppAutomationService sendMessageToContacts should send messages to multiple contacts","invocations":1,"location":null,"numPassingAsserts":4,"retryReasons":[],"status":"passed","title":"should send messages to multiple contacts"},{"ancestorTitles":["WhatsAppAutomationService","sendMessageToContacts"],"duration":4,"failureDetails":[],"failureMessages":[],"fullName":"WhatsAppAutomationService sendMessageToContacts should handle partial failures","invocations":1,"location":null,"numPassingAsserts":4,"retryReasons":[],"status":"passed","title":"should handle partial failures"},{"ancestorTitles":["WhatsAppAutomationService","sendMessageToContacts"],"duration":0,"failureDetails":[],"failureMessages":[],"fullName":"WhatsAppAutomationService sendMessageToContacts should include timestamp in results","invocations":1,"location":null,"numPassingAsserts":1,"retryReasons":[],"status":"passed","title":"should include timestamp in results"},{"ancestorTitles":["WhatsAppAutomationService","sendMessageToContacts"],"duration":2,"failureDetails":[],"failureMessages":[],"fullName":"WhatsAppAutomationService sendMessageToContacts should continue sending even if one fails","invocations":1,"location":null,"numPassingAsserts":3,"retryReasons":[],"status":"passed","title":"should continue sending even if one fails"},{"ancestorTitles":["WhatsAppAutomationService","openWhatsAppWeb"],"duration":1,"failureDetails":[],"failureMessages":[],"fullName":"WhatsAppAutomationService openWhatsAppWeb should navigate to WhatsApp Web","invocations":1,"location":null,"numPassingAsserts":1,"retryReasons":[],"status":"passed","title":"should navigate to WhatsApp Web"},{"ancestorTitles":["WhatsAppAutomationService","openWhatsAppWeb"],"duration":1,"failureDetails":[],"failureMessages":[],"fullName":"WhatsAppAutomationService openWhatsAppWeb should throw on navigation error","invocations":1,"location":null,"numPassingAsserts":1,"retryReasons":[],"status":"passed","title":"should throw on navigation error"},{"ancestorTitles":["WhatsAppAutomationService","waitForQRCodeScan"],"duration":2010,"failureDetails":[],"failureMessages":[],"fullName":"WhatsAppAutomationService waitForQRCodeScan should wait for QR code scan","invocations":1,"location":null,"numPassingAsserts":1,"retryReasons":[],"status":"passed","title":"should wait for QR code scan"},{"ancestorTitles":["WhatsAppAutomationService","waitForQRCodeScan"],"duration":1013,"failureDetails":[],"failureMessages":[],"fullName":"WhatsAppAutomationService waitForQRCodeScan should timeout waiting for QR code","invocations":1,"location":null,"numPassingAsserts":1,"retryReasons":[],"status":"passed","title":"should timeout waiting for QR code"}],"endTime":1778968826017,"message":"","name":"C:\\Users\\bhenn\\workspace\\zapfacil\\tests\\unit\\services\\WhatsAppAutomationService.test.ts","startTime":1778968822813,"status":"passed","summary":""},{"assertionResults":[{"ancestorTitles":["E2E - Application Workflows","Contact Import & Export Workflow"],"duration":1,"failureDetails":[],"failureMessages":[],"fullName":"E2E - Application Workflows Contact Import & Export Workflow should import contacts from CSV file","invocations":1,"location":null,"numPassingAsserts":3,"retryReasons":[],"status":"passed","title":"should import contacts from CSV file"},{"ancestorTitles":["E2E - Application Workflows","Contact Import & Export Workflow"],"duration":0,"failureDetails":[],"failureMessages":[],"fullName":"E2E - Application Workflows Contact Import & Export Workflow should export contacts to CSV file","invocations":1,"location":null,"numPassingAsserts":2,"retryReasons":[],"status":"passed","title":"should export contacts to CSV file"},{"ancestorTitles":["E2E - Application Workflows","Contact Import & Export Workflow"],"duration":1,"failureDetails":[],"failureMessages":[],"fullName":"E2E - Application Workflows Contact Import & Export Workflow should handle import with validation warnings","invocations":1,"location":null,"numPassingAsserts":2,"retryReasons":[],"status":"passed","title":"should handle import with validation warnings"},{"ancestorTitles":["E2E - Application Workflows","Message Sending Workflow"],"duration":0,"failureDetails":[],"failureMessages":[],"fullName":"E2E - Application Workflows Message Sending Workflow should send messages to multiple contacts","invocations":1,"location":null,"numPassingAsserts":2,"retryReasons":[],"status":"passed","title":"should send messages to multiple contacts"},{"ancestorTitles":["E2E - Application Workflows","Message Sending Workflow"],"duration":0,"failureDetails":[],"failureMessages":[],"fullName":"E2E - Application Workflows Message Sending Workflow should handle partial send failures gracefully","invocations":1,"location":null,"numPassingAsserts":2,"retryReasons":[],"status":"passed","title":"should handle partial send failures gracefully"},{"ancestorTitles":["E2E - Application Workflows","Message Sending Workflow"],"duration":6,"failureDetails":[],"failureMessages":[],"fullName":"E2E - Application Workflows Message Sending Workflow should retry on temporary failures","invocations":1,"location":null,"numPassingAsserts":4,"retryReasons":[],"status":"passed","title":"should retry on temporary failures"},{"ancestorTitles":["E2E - Application Workflows","Authentication Workflow"],"duration":0,"failureDetails":[],"failureMessages":[],"fullName":"E2E - Application Workflows Authentication Workflow should initialize WhatsApp authentication","invocations":1,"location":null,"numPassingAsserts":2,"retryReasons":[],"status":"passed","title":"should initialize WhatsApp authentication"},{"ancestorTitles":["E2E - Application Workflows","Authentication Workflow"],"duration":102,"failureDetails":[],"failureMessages":[],"fullName":"E2E - Application Workflows Authentication Workflow should handle authentication timeout","invocations":1,"location":null,"numPassingAsserts":1,"retryReasons":[],"status":"passed","title":"should handle authentication timeout"},{"ancestorTitles":["E2E - Application Workflows","Chrome Driver Update Workflow"],"duration":0,"failureDetails":[],"failureMessages":[],"fullName":"E2E - Application Workflows Chrome Driver Update Workflow should detect and notify about available updates","invocations":1,"location":null,"numPassingAsserts":2,"retryReasons":[],"status":"passed","title":"should detect and notify about available updates"},{"ancestorTitles":["E2E - Application Workflows","Chrome Driver Update Workflow"],"duration":1,"failureDetails":[],"failureMessages":[],"fullName":"E2E - Application Workflows Chrome Driver Update Workflow should download and install update","invocations":1,"location":null,"numPassingAsserts":2,"retryReasons":[],"status":"passed","title":"should download and install update"},{"ancestorTitles":["E2E - Application Workflows","Chrome Driver Update Workflow"],"duration":0,"failureDetails":[],"failureMessages":[],"fullName":"E2E - Application Workflows Chrome Driver Update Workflow should schedule regular update checks","invocations":1,"location":null,"numPassingAsserts":1,"retryReasons":[],"status":"passed","title":"should schedule regular update checks"},{"ancestorTitles":["E2E - Application Workflows","Logging & Monitoring Workflow"],"duration":1,"failureDetails":[],"failureMessages":[],"fullName":"E2E - Application Workflows Logging & Monitoring Workflow should capture and display application logs","invocations":1,"location":null,"numPassingAsserts":3,"retryReasons":[],"status":"passed","title":"should capture and display application logs"},{"ancestorTitles":["E2E - Application Workflows","Logging & Monitoring Workflow"],"duration":1,"failureDetails":[],"failureMessages":[],"fullName":"E2E - Application Workflows Logging & Monitoring Workflow should filter logs by level","invocations":1,"location":null,"numPassingAsserts":2,"retryReasons":[],"status":"passed","title":"should filter logs by level"},{"ancestorTitles":["E2E - Application Workflows","Logging & Monitoring Workflow"],"duration":0,"failureDetails":[],"failureMessages":[],"fullName":"E2E - Application Workflows Logging & Monitoring Workflow should maintain log history limit","invocations":1,"location":null,"numPassingAsserts":2,"retryReasons":[],"status":"passed","title":"should maintain log history limit"},{"ancestorTitles":["E2E - Application Workflows","Error Recovery Workflow"],"duration":209,"failureDetails":[],"failureMessages":[],"fullName":"E2E - Application Workflows Error Recovery Workflow should recover from temporary network errors","invocations":1,"location":null,"numPassingAsserts":2,"retryReasons":[],"status":"passed","title":"should recover from temporary network errors"},{"ancestorTitles":["E2E - Application Workflows","Error Recovery Workflow"],"duration":0,"failureDetails":[],"failureMessages":[],"fullName":"E2E - Application Workflows Error Recovery Workflow should log errors and continue operation","invocations":1,"location":null,"numPassingAsserts":3,"retryReasons":[],"status":"passed","title":"should log errors and continue operation"},{"ancestorTitles":["E2E - Application Workflows","Complete Application Lifecycle"],"duration":0,"failureDetails":[],"failureMessages":[],"fullName":"E2E - Application Workflows Complete Application Lifecycle should go through full initialization sequence","invocations":1,"location":null,"numPassingAsserts":1,"retryReasons":[],"status":"passed","title":"should go through full initialization sequence"},{"ancestorTitles":["E2E - Application Workflows","Complete Application Lifecycle"],"duration":1,"failureDetails":[],"failureMessages":[],"fullName":"E2E - Application Workflows Complete Application Lifecycle should shutdown gracefully","invocations":1,"location":null,"numPassingAsserts":1,"retryReasons":[],"status":"passed","title":"should shutdown gracefully"}],"endTime":1778968826456,"message":"","name":"C:\\Users\\bhenn\\workspace\\zapfacil\\tests\\e2e\\workflows.test.ts","startTime":1778968826021,"status":"passed","summary":""},{"assertionResults":[{"ancestorTitles":["BootstrapService","constructor"],"duration":2,"failureDetails":[],"failureMessages":[],"fullName":"BootstrapService constructor should create BootstrapService instance with all services","invocations":1,"location":null,"numPassingAsserts":4,"retryReasons":[],"status":"passed","title":"should create BootstrapService instance with all services"},{"ancestorTitles":["BootstrapService","constructor"],"duration":1,"failureDetails":[],"failureMessages":[],"fullName":"BootstrapService constructor should initialize with uninitialized state","invocations":1,"location":null,"numPassingAsserts":1,"retryReasons":[],"status":"passed","title":"should initialize with uninitialized state"},{"ancestorTitles":["BootstrapService","initialize"],"duration":2,"failureDetails":[],"failureMessages":[],"fullName":"BootstrapService initialize should initialize all services in correct order","invocations":1,"location":null,"numPassingAsserts":6,"retryReasons":[],"status":"passed","title":"should initialize all services in correct order"},{"ancestorTitles":["BootstrapService","initialize"],"duration":1,"failureDetails":[],"failureMessages":[],"fullName":"BootstrapService initialize should download update if available","invocations":1,"location":null,"numPassingAsserts":2,"retryReasons":[],"status":"passed","title":"should download update if available"},{"ancestorTitles":["BootstrapService","initialize"],"duration":1,"failureDetails":[],"failureMessages":[],"fullName":"BootstrapService initialize should not download update if not available","invocations":1,"location":null,"numPassingAsserts":1,"retryReasons":[],"status":"passed","title":"should not download update if not available"},{"ancestorTitles":["BootstrapService","initialize"],"duration":1,"failureDetails":[],"failureMessages":[],"fullName":"BootstrapService initialize should handle QR code scan timeout gracefully","invocations":1,"location":null,"numPassingAsserts":2,"retryReasons":[],"status":"passed","title":"should handle QR code scan timeout gracefully"},{"ancestorTitles":["BootstrapService","initialize"],"duration":0,"failureDetails":[],"failureMessages":[],"fullName":"BootstrapService initialize should set isInitialized to true on success","invocations":1,"location":null,"numPassingAsserts":2,"retryReasons":[],"status":"passed","title":"should set isInitialized to true on success"},{"ancestorTitles":["BootstrapService","initialize"],"duration":5,"failureDetails":[],"failureMessages":[],"fullName":"BootstrapService initialize should throw error if initialization fails","invocations":1,"location":null,"numPassingAsserts":2,"retryReasons":[],"status":"passed","title":"should throw error if initialization fails"},{"ancestorTitles":["BootstrapService","initialize"],"duration":1,"failureDetails":[],"failureMessages":[],"fullName":"BootstrapService initialize should log initialization steps","invocations":1,"location":null,"numPassingAsserts":4,"retryReasons":[],"status":"passed","title":"should log initialization steps"},{"ancestorTitles":["BootstrapService","shutdown"],"duration":1,"failureDetails":[],"failureMessages":[],"fullName":"BootstrapService shutdown should stop chrome driver and reset initialized state","invocations":1,"location":null,"numPassingAsserts":5,"retryReasons":[],"status":"passed","title":"should stop chrome driver and reset initialized state"},{"ancestorTitles":["BootstrapService","shutdown"],"duration":1,"failureDetails":[],"failureMessages":[],"fullName":"BootstrapService shutdown should handle shutdown errors gracefully","invocations":1,"location":null,"numPassingAsserts":1,"retryReasons":[],"status":"passed","title":"should handle shutdown errors gracefully"},{"ancestorTitles":["BootstrapService","getters"],"duration":1,"failureDetails":[],"failureMessages":[],"fullName":"BootstrapService getters should return logger instance","invocations":1,"location":null,"numPassingAsserts":1,"retryReasons":[],"status":"passed","title":"should return logger instance"},{"ancestorTitles":["BootstrapService","getters"],"duration":0,"failureDetails":[],"failureMessages":[],"fullName":"BootstrapService getters should return chrome driver instance","invocations":1,"location":null,"numPassingAsserts":1,"retryReasons":[],"status":"passed","title":"should return chrome driver instance"},{"ancestorTitles":["BootstrapService","getters"],"duration":0,"failureDetails":[],"failureMessages":[],"fullName":"BootstrapService getters should return whatsapp automation instance","invocations":1,"location":null,"numPassingAsserts":1,"retryReasons":[],"status":"passed","title":"should return whatsapp automation instance"},{"ancestorTitles":["BootstrapService","getters"],"duration":0,"failureDetails":[],"failureMessages":[],"fullName":"BootstrapService getters should return contact importer instance","invocations":1,"location":null,"numPassingAsserts":1,"retryReasons":[],"status":"passed","title":"should return contact importer instance"},{"ancestorTitles":["BootstrapService","getters"],"duration":1,"failureDetails":[],"failureMessages":[],"fullName":"BootstrapService getters should return chrome updater instance","invocations":1,"location":null,"numPassingAsserts":1,"retryReasons":[],"status":"passed","title":"should return chrome updater instance"},{"ancestorTitles":["BootstrapService","getters"],"duration":1,"failureDetails":[],"failureMessages":[],"fullName":"BootstrapService getters should return correct initialization state","invocations":1,"location":null,"numPassingAsserts":1,"retryReasons":[],"status":"passed","title":"should return correct initialization state"},{"ancestorTitles":["getBootstrapService"],"duration":1,"failureDetails":[],"failureMessages":[],"fullName":"getBootstrapService should return singleton instance","invocations":1,"location":null,"numPassingAsserts":1,"retryReasons":[],"status":"passed","title":"should return singleton instance"},{"ancestorTitles":["getBootstrapService"],"duration":1,"failureDetails":[],"failureMessages":[],"fullName":"getBootstrapService should return BootstrapService instance","invocations":1,"location":null,"numPassingAsserts":1,"retryReasons":[],"status":"passed","title":"should return BootstrapService instance"}],"endTime":1778968826789,"message":"","name":"C:\\Users\\bhenn\\workspace\\zapfacil\\tests\\unit\\services\\BootstrapService.test.ts","startTime":1778968826460,"status":"passed","summary":""},{"assertionResults":[{"ancestorTitles":["ChromeDriverService"],"duration":1,"failureDetails":[],"failureMessages":[],"fullName":"ChromeDriverService should keep a singleton instance","invocations":1,"location":null,"numPassingAsserts":1,"retryReasons":[],"status":"passed","title":"should keep a singleton instance"},{"ancestorTitles":["ChromeDriverService"],"duration":2,"failureDetails":[],"failureMessages":[],"fullName":"ChromeDriverService should initialize ChromeDriver with managed driver when available","invocations":1,"location":null,"numPassingAsserts":8,"retryReasons":[],"status":"passed","title":"should initialize ChromeDriver with managed driver when available"},{"ancestorTitles":["ChromeDriverService"],"duration":0,"failureDetails":[],"failureMessages":[],"fullName":"ChromeDriverService should fall back to Selenium driver resolution when managed driver is missing","invocations":1,"location":null,"numPassingAsserts":2,"retryReasons":[],"status":"passed","title":"should fall back to Selenium driver resolution when managed driver is missing"},{"ancestorTitles":["ChromeDriverService"],"duration":4,"failureDetails":[],"failureMessages":[],"fullName":"ChromeDriverService should log and rethrow initialization failures","invocations":1,"location":null,"numPassingAsserts":2,"retryReasons":[],"status":"passed","title":"should log and rethrow initialization failures"},{"ancestorTitles":["ChromeDriverService"],"duration":0,"failureDetails":[],"failureMessages":[],"fullName":"ChromeDriverService should initialize on start when driver is not ready","invocations":1,"location":null,"numPassingAsserts":2,"retryReasons":[],"status":"passed","title":"should initialize on start when driver is not ready"},{"ancestorTitles":["ChromeDriverService"],"duration":1,"failureDetails":[],"failureMessages":[],"fullName":"ChromeDriverService should stop an active driver","invocations":1,"location":null,"numPassingAsserts":3,"retryReasons":[],"status":"passed","title":"should stop an active driver"},{"ancestorTitles":["ChromeDriverService"],"duration":1,"failureDetails":[],"failureMessages":[],"fullName":"ChromeDriverService should log and rethrow stop failures","invocations":1,"location":null,"numPassingAsserts":2,"retryReasons":[],"status":"passed","title":"should log and rethrow stop failures"},{"ancestorTitles":["ChromeDriverService"],"duration":2,"failureDetails":[],"failureMessages":[],"fullName":"ChromeDriverService should reject browser actions before initialization","invocations":1,"location":null,"numPassingAsserts":3,"retryReasons":[],"status":"passed","title":"should reject browser actions before initialization"},{"ancestorTitles":["ChromeDriverService"],"duration":1,"failureDetails":[],"failureMessages":[],"fullName":"ChromeDriverService should navigate with an initialized driver","invocations":1,"location":null,"numPassingAsserts":2,"retryReasons":[],"status":"passed","title":"should navigate with an initialized driver"},{"ancestorTitles":["ChromeDriverService"],"duration":1,"failureDetails":[],"failureMessages":[],"fullName":"ChromeDriverService should log and rethrow navigation failures","invocations":1,"location":null,"numPassingAsserts":2,"retryReasons":[],"status":"passed","title":"should log and rethrow navigation failures"},{"ancestorTitles":["ChromeDriverService"],"duration":1,"failureDetails":[],"failureMessages":[],"fullName":"ChromeDriverService should find elements with the configured timeout","invocations":1,"location":null,"numPassingAsserts":3,"retryReasons":[],"status":"passed","title":"should find elements with the configured timeout"},{"ancestorTitles":["ChromeDriverService"],"duration":1,"failureDetails":[],"failureMessages":[],"fullName":"ChromeDriverService should log and rethrow find element failures","invocations":1,"location":null,"numPassingAsserts":2,"retryReasons":[],"status":"passed","title":"should log and rethrow find element failures"},{"ancestorTitles":["ChromeDriverService"],"duration":0,"failureDetails":[],"failureMessages":[],"fullName":"ChromeDriverService should execute scripts with an initialized driver","invocations":1,"location":null,"numPassingAsserts":3,"retryReasons":[],"status":"passed","title":"should execute scripts with an initialized driver"},{"ancestorTitles":["ChromeDriverService"],"duration":0,"failureDetails":[],"failureMessages":[],"fullName":"ChromeDriverService should log and rethrow script execution failures","invocations":1,"location":null,"numPassingAsserts":2,"retryReasons":[],"status":"passed","title":"should log and rethrow script execution failures"}],"endTime":1778968826938,"message":"","name":"C:\\Users\\bhenn\\workspace\\zapfacil\\tests\\unit\\services\\ChromeDriverService.test.ts","startTime":1778968826793,"status":"passed","summary":""},{"assertionResults":[{"ancestorTitles":["IPC - Integration Tests","app:get-status"],"duration":2,"failureDetails":[],"failureMessages":[],"fullName":"IPC - Integration Tests app:get-status should return app status with chrome driver info","invocations":1,"location":null,"numPassingAsserts":4,"retryReasons":[],"status":"passed","title":"should return app status with chrome driver info"},{"ancestorTitles":["IPC - Integration Tests","app:get-status"],"duration":6,"failureDetails":[],"failureMessages":[],"fullName":"IPC - Integration Tests app:get-status should handle status request errors gracefully","invocations":1,"location":null,"numPassingAsserts":1,"retryReasons":[],"status":"passed","title":"should handle status request errors gracefully"},{"ancestorTitles":["IPC - Integration Tests","contacts:import-csv"],"duration":1,"failureDetails":[],"failureMessages":[],"fullName":"IPC - Integration Tests contacts:import-csv should return imported contacts from CSV","invocations":1,"location":null,"numPassingAsserts":4,"retryReasons":[],"status":"passed","title":"should return imported contacts from CSV"},{"ancestorTitles":["IPC - Integration Tests","contacts:import-csv"],"duration":0,"failureDetails":[],"failureMessages":[],"fullName":"IPC - Integration Tests contacts:import-csv should handle import cancellation","invocations":1,"location":null,"numPassingAsserts":2,"retryReasons":[],"status":"passed","title":"should handle import cancellation"},{"ancestorTitles":["IPC - Integration Tests","contacts:import-csv"],"duration":5,"failureDetails":[],"failureMessages":[],"fullName":"IPC - Integration Tests contacts:import-csv should return validation errors for invalid contacts","invocations":1,"location":null,"numPassingAsserts":3,"retryReasons":[],"status":"passed","title":"should return validation errors for invalid contacts"},{"ancestorTitles":["IPC - Integration Tests","contacts:export-csv"],"duration":0,"failureDetails":[],"failureMessages":[],"fullName":"IPC - Integration Tests contacts:export-csv should export contacts to CSV file","invocations":1,"location":null,"numPassingAsserts":3,"retryReasons":[],"status":"passed","title":"should export contacts to CSV file"},{"ancestorTitles":["IPC - Integration Tests","contacts:export-csv"],"duration":0,"failureDetails":[],"failureMessages":[],"fullName":"IPC - Integration Tests contacts:export-csv should handle export cancellation","invocations":1,"location":null,"numPassingAsserts":2,"retryReasons":[],"status":"passed","title":"should handle export cancellation"},{"ancestorTitles":["IPC - Integration Tests","contacts:export-csv"],"duration":1,"failureDetails":[],"failureMessages":[],"fullName":"IPC - Integration Tests contacts:export-csv should return error on export failure","invocations":1,"location":null,"numPassingAsserts":1,"retryReasons":[],"status":"passed","title":"should return error on export failure"},{"ancestorTitles":["IPC - Integration Tests","chrome-driver:check-update"],"duration":0,"failureDetails":[],"failureMessages":[],"fullName":"IPC - Integration Tests chrome-driver:check-update should return update status","invocations":1,"location":null,"numPassingAsserts":4,"retryReasons":[],"status":"passed","title":"should return update status"},{"ancestorTitles":["IPC - Integration Tests","chrome-driver:check-update"],"duration":0,"failureDetails":[],"failureMessages":[],"fullName":"IPC - Integration Tests chrome-driver:check-update should indicate no update when driver is up to date","invocations":1,"location":null,"numPassingAsserts":1,"retryReasons":[],"status":"passed","title":"should indicate no update when driver is up to date"},{"ancestorTitles":["IPC - Integration Tests","chrome-driver:update"],"duration":0,"failureDetails":[],"failureMessages":[],"fullName":"IPC - Integration Tests chrome-driver:update should download and update chrome driver","invocations":1,"location":null,"numPassingAsserts":2,"retryReasons":[],"status":"passed","title":"should download and update chrome driver"},{"ancestorTitles":["IPC - Integration Tests","chrome-driver:update"],"duration":0,"failureDetails":[],"failureMessages":[],"fullName":"IPC - Integration Tests chrome-driver:update should return no update when already up to date","invocations":1,"location":null,"numPassingAsserts":1,"retryReasons":[],"status":"passed","title":"should return no update when already up to date"},{"ancestorTitles":["IPC - Integration Tests","chrome-driver:update"],"duration":1,"failureDetails":[],"failureMessages":[],"fullName":"IPC - Integration Tests chrome-driver:update should handle update failure","invocations":1,"location":null,"numPassingAsserts":1,"retryReasons":[],"status":"passed","title":"should handle update failure"},{"ancestorTitles":["IPC - Integration Tests","whatsapp:initialize"],"duration":0,"failureDetails":[],"failureMessages":[],"fullName":"IPC - Integration Tests whatsapp:initialize should initialize WhatsApp automation","invocations":1,"location":null,"numPassingAsserts":1,"retryReasons":[],"status":"passed","title":"should initialize WhatsApp automation"},{"ancestorTitles":["IPC - Integration Tests","whatsapp:initialize"],"duration":1,"failureDetails":[],"failureMessages":[],"fullName":"IPC - Integration Tests whatsapp:initialize should handle initialization failure","invocations":1,"location":null,"numPassingAsserts":1,"retryReasons":[],"status":"passed","title":"should handle initialization failure"},{"ancestorTitles":["IPC - Integration Tests","whatsapp:send-messages"],"duration":0,"failureDetails":[],"failureMessages":[],"fullName":"IPC - Integration Tests whatsapp:send-messages should send messages to contacts","invocations":1,"location":null,"numPassingAsserts":2,"retryReasons":[],"status":"passed","title":"should send messages to contacts"},{"ancestorTitles":["IPC - Integration Tests","whatsapp:send-messages"],"duration":1,"failureDetails":[],"failureMessages":[],"fullName":"IPC - Integration Tests whatsapp:send-messages should handle partial send failures","invocations":1,"location":null,"numPassingAsserts":2,"retryReasons":[],"status":"passed","title":"should handle partial send failures"},{"ancestorTitles":["IPC - Integration Tests","whatsapp:send-messages"],"duration":0,"failureDetails":[],"failureMessages":[],"fullName":"IPC - Integration Tests whatsapp:send-messages should validate contact list before sending","invocations":1,"location":null,"numPassingAsserts":1,"retryReasons":[],"status":"passed","title":"should validate contact list before sending"},{"ancestorTitles":["IPC - Integration Tests","app:shutdown"],"duration":0,"failureDetails":[],"failureMessages":[],"fullName":"IPC - Integration Tests app:shutdown should shutdown application gracefully","invocations":1,"location":null,"numPassingAsserts":1,"retryReasons":[],"status":"passed","title":"should shutdown application gracefully"},{"ancestorTitles":["IPC - Integration Tests","app:shutdown"],"duration":0,"failureDetails":[],"failureMessages":[],"fullName":"IPC - Integration Tests app:shutdown should cleanup resources on shutdown","invocations":1,"location":null,"numPassingAsserts":2,"retryReasons":[],"status":"passed","title":"should cleanup resources on shutdown"},{"ancestorTitles":["IPC - Integration Tests","IPC Event Listeners"],"duration":0,"failureDetails":[],"failureMessages":[],"fullName":"IPC - Integration Tests IPC Event Listeners should listen for app:log events","invocations":1,"location":null,"numPassingAsserts":2,"retryReasons":[],"status":"passed","title":"should listen for app:log events"},{"ancestorTitles":["IPC - Integration Tests","IPC Event Listeners"],"duration":1,"failureDetails":[],"failureMessages":[],"fullName":"IPC - Integration Tests IPC Event Listeners should listen for chrome-driver:update-available events","invocations":1,"location":null,"numPassingAsserts":1,"retryReasons":[],"status":"passed","title":"should listen for chrome-driver:update-available events"}],"endTime":1778968827067,"message":"","name":"C:\\Users\\bhenn\\workspace\\zapfacil\\tests\\integration\\ipc.test.ts","startTime":1778968826941,"status":"passed","summary":""},{"assertionResults":[{"ancestorTitles":["WebUtility","encodeURLComponent"],"duration":1,"failureDetails":[],"failureMessages":[],"fullName":"WebUtility encodeURLComponent should encode special characters","invocations":1,"location":null,"numPassingAsserts":1,"retryReasons":[],"status":"passed","title":"should encode special characters"},{"ancestorTitles":["WebUtility","encodeURLComponent"],"duration":0,"failureDetails":[],"failureMessages":[],"fullName":"WebUtility encodeURLComponent should encode Portuguese characters","invocations":1,"location":null,"numPassingAsserts":1,"retryReasons":[],"status":"passed","title":"should encode Portuguese characters"},{"ancestorTitles":["WebUtility","encodeURLComponent"],"duration":0,"failureDetails":[],"failureMessages":[],"fullName":"WebUtility encodeURLComponent should handle empty string","invocations":1,"location":null,"numPassingAsserts":1,"retryReasons":[],"status":"passed","title":"should handle empty string"},{"ancestorTitles":["WebUtility","decodeURLComponent"],"duration":0,"failureDetails":[],"failureMessages":[],"fullName":"WebUtility decodeURLComponent should decode encoded characters","invocations":1,"location":null,"numPassingAsserts":1,"retryReasons":[],"status":"passed","title":"should decode encoded characters"},{"ancestorTitles":["WebUtility","decodeURLComponent"],"duration":0,"failureDetails":[],"failureMessages":[],"fullName":"WebUtility decodeURLComponent should handle already decoded strings","invocations":1,"location":null,"numPassingAsserts":1,"retryReasons":[],"status":"passed","title":"should handle already decoded strings"},{"ancestorTitles":["WebUtility","isValidURL"],"duration":0,"failureDetails":[],"failureMessages":[],"fullName":"WebUtility isValidURL should validate correct URLs","invocations":1,"location":null,"numPassingAsserts":3,"retryReasons":[],"status":"passed","title":"should validate correct URLs"},{"ancestorTitles":["WebUtility","isValidURL"],"duration":0,"failureDetails":[],"failureMessages":[],"fullName":"WebUtility isValidURL should reject invalid URLs","invocations":1,"location":null,"numPassingAsserts":3,"retryReasons":[],"status":"passed","title":"should reject invalid URLs"},{"ancestorTitles":["WebUtility","extractDomain"],"duration":0,"failureDetails":[],"failureMessages":[],"fullName":"WebUtility extractDomain should extract domain from URL","invocations":1,"location":null,"numPassingAsserts":1,"retryReasons":[],"status":"passed","title":"should extract domain from URL"},{"ancestorTitles":["WebUtility","extractDomain"],"duration":0,"failureDetails":[],"failureMessages":[],"fullName":"WebUtility extractDomain should extract domain from WhatsApp URL","invocations":1,"location":null,"numPassingAsserts":1,"retryReasons":[],"status":"passed","title":"should extract domain from WhatsApp URL"},{"ancestorTitles":["WebUtility","extractDomain"],"duration":0,"failureDetails":[],"failureMessages":[],"fullName":"WebUtility extractDomain should return empty string for invalid URL","invocations":1,"location":null,"numPassingAsserts":1,"retryReasons":[],"status":"passed","title":"should return empty string for invalid URL"}],"endTime":1778968827175,"message":"","name":"C:\\Users\\bhenn\\workspace\\zapfacil\\tests\\unit\\utils\\WebUtility.test.ts","startTime":1778968827071,"status":"passed","summary":""},{"assertionResults":[{"ancestorTitles":["SettingsService"],"duration":3,"failureDetails":[],"failureMessages":[],"fullName":"SettingsService should return default settings when no file exists","invocations":1,"location":null,"numPassingAsserts":1,"retryReasons":[],"status":"passed","title":"should return default settings when no file exists"},{"ancestorTitles":["SettingsService"],"duration":4,"failureDetails":[],"failureMessages":[],"fullName":"SettingsService should persist and reload settings","invocations":1,"location":null,"numPassingAsserts":2,"retryReasons":[],"status":"passed","title":"should persist and reload settings"},{"ancestorTitles":["SettingsService"],"duration":2,"failureDetails":[],"failureMessages":[],"fullName":"SettingsService should merge older settings files with new defaults","invocations":1,"location":null,"numPassingAsserts":3,"retryReasons":[],"status":"passed","title":"should merge older settings files with new defaults"}],"endTime":1778968827295,"message":"","name":"C:\\Users\\bhenn\\workspace\\zapfacil\\tests\\unit\\services\\SettingsService.test.ts","startTime":1778968827182,"status":"passed","summary":""},{"assertionResults":[{"ancestorTitles":["ContactImportService","importFromCSV"],"duration":1,"failureDetails":[],"failureMessages":[],"fullName":"ContactImportService importFromCSV should import contacts from CSV without header","invocations":1,"location":null,"numPassingAsserts":5,"retryReasons":[],"status":"passed","title":"should import contacts from CSV without header"},{"ancestorTitles":["ContactImportService","importFromCSV"],"duration":0,"failureDetails":[],"failureMessages":[],"fullName":"ContactImportService importFromCSV should import contacts from CSV with header","invocations":1,"location":null,"numPassingAsserts":2,"retryReasons":[],"status":"passed","title":"should import contacts from CSV with header"},{"ancestorTitles":["ContactImportService","importFromCSV"],"duration":1,"failureDetails":[],"failureMessages":[],"fullName":"ContactImportService importFromCSV should skip invalid phone numbers","invocations":1,"location":null,"numPassingAsserts":2,"retryReasons":[],"status":"passed","title":"should skip invalid phone numbers"},{"ancestorTitles":["ContactImportService","importFromCSV"],"duration":0,"failureDetails":[],"failureMessages":[],"fullName":"ContactImportService importFromCSV should skip empty lines","invocations":1,"location":null,"numPassingAsserts":1,"retryReasons":[],"status":"passed","title":"should skip empty lines"},{"ancestorTitles":["ContactImportService","importFromCSV"],"duration":0,"failureDetails":[],"failureMessages":[],"fullName":"ContactImportService importFromCSV should generate unique IDs for each contact","invocations":1,"location":null,"numPassingAsserts":1,"retryReasons":[],"status":"passed","title":"should generate unique IDs for each contact"},{"ancestorTitles":["ContactImportService","importFromCSV"],"duration":9,"failureDetails":[],"failureMessages":[],"fullName":"ContactImportService importFromCSV should throw on file read error","invocations":1,"location":null,"numPassingAsserts":1,"retryReasons":[],"status":"passed","title":"should throw on file read error"},{"ancestorTitles":["ContactImportService","exportToCSV"],"duration":1,"failureDetails":[],"failureMessages":[],"fullName":"ContactImportService exportToCSV should export contacts to CSV","invocations":1,"location":null,"numPassingAsserts":6,"retryReasons":[],"status":"passed","title":"should export contacts to CSV"},{"ancestorTitles":["ContactImportService","exportToCSV"],"duration":1,"failureDetails":[],"failureMessages":[],"fullName":"ContactImportService exportToCSV should use \"pendente\" as default status","invocations":1,"location":null,"numPassingAsserts":1,"retryReasons":[],"status":"passed","title":"should use \"pendente\" as default status"},{"ancestorTitles":["ContactImportService","exportToCSV"],"duration":0,"failureDetails":[],"failureMessages":[],"fullName":"ContactImportService exportToCSV should throw on file write error","invocations":1,"location":null,"numPassingAsserts":1,"retryReasons":[],"status":"passed","title":"should throw on file write error"},{"ancestorTitles":["ContactImportService","validateContacts"],"duration":0,"failureDetails":[],"failureMessages":[],"fullName":"ContactImportService validateContacts should validate list of valid contacts","invocations":1,"location":null,"numPassingAsserts":3,"retryReasons":[],"status":"passed","title":"should validate list of valid contacts"},{"ancestorTitles":["ContactImportService","validateContacts"],"duration":0,"failureDetails":[],"failureMessages":[],"fullName":"ContactImportService validateContacts should reject empty contact list","invocations":1,"location":null,"numPassingAsserts":2,"retryReasons":[],"status":"passed","title":"should reject empty contact list"},{"ancestorTitles":["ContactImportService","validateContacts"],"duration":0,"failureDetails":[],"failureMessages":[],"fullName":"ContactImportService validateContacts should reject contacts with no name","invocations":1,"location":null,"numPassingAsserts":2,"retryReasons":[],"status":"passed","title":"should reject contacts with no name"},{"ancestorTitles":["ContactImportService","validateContacts"],"duration":0,"failureDetails":[],"failureMessages":[],"fullName":"ContactImportService validateContacts should reject contacts with invalid phone","invocations":1,"location":null,"numPassingAsserts":2,"retryReasons":[],"status":"passed","title":"should reject contacts with invalid phone"},{"ancestorTitles":["ContactImportService","validateContacts"],"duration":0,"failureDetails":[],"failureMessages":[],"fullName":"ContactImportService validateContacts should warn on unknown status","invocations":1,"location":null,"numPassingAsserts":3,"retryReasons":[],"status":"passed","title":"should warn on unknown status"},{"ancestorTitles":["ContactImportService","validateContacts"],"duration":0,"failureDetails":[],"failureMessages":[],"fullName":"ContactImportService validateContacts should handle null input","invocations":1,"location":null,"numPassingAsserts":2,"retryReasons":[],"status":"passed","title":"should handle null input"}],"endTime":1778968827417,"message":"","name":"C:\\Users\\bhenn\\workspace\\zapfacil\\tests\\unit\\services\\ContactImportService.test.ts","startTime":1778968827299,"status":"passed","summary":""},{"assertionResults":[{"ancestorTitles":["PhoneValidationService","validate"],"duration":1,"failureDetails":[],"failureMessages":[],"fullName":"PhoneValidationService validate should validate Brazilian phone numbers with 11 digits","invocations":1,"location":null,"numPassingAsserts":1,"retryReasons":[],"status":"passed","title":"should validate Brazilian phone numbers with 11 digits"},{"ancestorTitles":["PhoneValidationService","validate"],"duration":1,"failureDetails":[],"failureMessages":[],"fullName":"PhoneValidationService validate should validate phone numbers with country code","invocations":1,"location":null,"numPassingAsserts":1,"retryReasons":[],"status":"passed","title":"should validate phone numbers with country code"},{"ancestorTitles":["PhoneValidationService","validate"],"duration":0,"failureDetails":[],"failureMessages":[],"fullName":"PhoneValidationService validate should validate phone numbers with formatting","invocations":1,"location":null,"numPassingAsserts":2,"retryReasons":[],"status":"passed","title":"should validate phone numbers with formatting"},{"ancestorTitles":["PhoneValidationService","validate"],"duration":1,"failureDetails":[],"failureMessages":[],"fullName":"PhoneValidationService validate should reject empty phone numbers","invocations":1,"location":null,"numPassingAsserts":3,"retryReasons":[],"status":"passed","title":"should reject empty phone numbers"},{"ancestorTitles":["PhoneValidationService","validate"],"duration":0,"failureDetails":[],"failureMessages":[],"fullName":"PhoneValidationService validate should reject phone numbers with invalid length","invocations":1,"location":null,"numPassingAsserts":2,"retryReasons":[],"status":"passed","title":"should reject phone numbers with invalid length"},{"ancestorTitles":["PhoneValidationService","validate"],"duration":0,"failureDetails":[],"failureMessages":[],"fullName":"PhoneValidationService validate should handle non-string inputs","invocations":1,"location":null,"numPassingAsserts":1,"retryReasons":[],"status":"passed","title":"should handle non-string inputs"},{"ancestorTitles":["PhoneValidationService","format"],"duration":0,"failureDetails":[],"failureMessages":[],"fullName":"PhoneValidationService format should format Brazilian phone to international format","invocations":1,"location":null,"numPassingAsserts":1,"retryReasons":[],"status":"passed","title":"should format Brazilian phone to international format"},{"ancestorTitles":["PhoneValidationService","format"],"duration":1,"failureDetails":[],"failureMessages":[],"fullName":"PhoneValidationService format should preserve phone already with country code","invocations":1,"location":null,"numPassingAsserts":1,"retryReasons":[],"status":"passed","title":"should preserve phone already with country code"},{"ancestorTitles":["PhoneValidationService","format"],"duration":0,"failureDetails":[],"failureMessages":[],"fullName":"PhoneValidationService format should remove formatting characters","invocations":1,"location":null,"numPassingAsserts":1,"retryReasons":[],"status":"passed","title":"should remove formatting characters"},{"ancestorTitles":["PhoneValidationService","format"],"duration":4,"failureDetails":[],"failureMessages":[],"fullName":"PhoneValidationService format should throw on empty phone","invocations":1,"location":null,"numPassingAsserts":1,"retryReasons":[],"status":"passed","title":"should throw on empty phone"},{"ancestorTitles":["PhoneValidationService","format"],"duration":0,"failureDetails":[],"failureMessages":[],"fullName":"PhoneValidationService format should throw on invalid format","invocations":1,"location":null,"numPassingAsserts":1,"retryReasons":[],"status":"passed","title":"should throw on invalid format"},{"ancestorTitles":["PhoneValidationService","unformat"],"duration":1,"failureDetails":[],"failureMessages":[],"fullName":"PhoneValidationService unformat should remove all non-numeric characters","invocations":1,"location":null,"numPassingAsserts":1,"retryReasons":[],"status":"passed","title":"should remove all non-numeric characters"},{"ancestorTitles":["PhoneValidationService","unformat"],"duration":0,"failureDetails":[],"failureMessages":[],"fullName":"PhoneValidationService unformat should return original if already unformatted","invocations":1,"location":null,"numPassingAsserts":1,"retryReasons":[],"status":"passed","title":"should return original if already unformatted"},{"ancestorTitles":["PhoneValidationService","extractCountryCode"],"duration":0,"failureDetails":[],"failureMessages":[],"fullName":"PhoneValidationService extractCountryCode should extract country code 55 for Brazilian numbers","invocations":1,"location":null,"numPassingAsserts":1,"retryReasons":[],"status":"passed","title":"should extract country code 55 for Brazilian numbers"},{"ancestorTitles":["PhoneValidationService","extractCountryCode"],"duration":1,"failureDetails":[],"failureMessages":[],"fullName":"PhoneValidationService extractCountryCode should return BR for Brazilian format without country code","invocations":1,"location":null,"numPassingAsserts":1,"retryReasons":[],"status":"passed","title":"should return BR for Brazilian format without country code"}],"endTime":1778968827530,"message":"","name":"C:\\Users\\bhenn\\workspace\\zapfacil\\tests\\unit\\services\\PhoneValidationService.test.ts","startTime":1778968827421,"status":"passed","summary":""},{"assertionResults":[{"ancestorTitles":["LoggerService","info"],"duration":1,"failureDetails":[],"failureMessages":[],"fullName":"LoggerService info should log info messages","invocations":1,"location":null,"numPassingAsserts":4,"retryReasons":[],"status":"passed","title":"should log info messages"},{"ancestorTitles":["LoggerService","info"],"duration":1,"failureDetails":[],"failureMessages":[],"fullName":"LoggerService info should include data in log","invocations":1,"location":null,"numPassingAsserts":2,"retryReasons":[],"status":"passed","title":"should include data in log"},{"ancestorTitles":["LoggerService","warn"],"duration":0,"failureDetails":[],"failureMessages":[],"fullName":"LoggerService warn should log warning messages","invocations":1,"location":null,"numPassingAsserts":3,"retryReasons":[],"status":"passed","title":"should log warning messages"},{"ancestorTitles":["LoggerService","error"],"duration":0,"failureDetails":[],"failureMessages":[],"fullName":"LoggerService error should log error messages","invocations":1,"location":null,"numPassingAsserts":3,"retryReasons":[],"status":"passed","title":"should log error messages"},{"ancestorTitles":["LoggerService","error"],"duration":4,"failureDetails":[],"failureMessages":[],"fullName":"LoggerService error should handle Error objects","invocations":1,"location":null,"numPassingAsserts":2,"retryReasons":[],"status":"passed","title":"should handle Error objects"},{"ancestorTitles":["LoggerService","error"],"duration":0,"failureDetails":[],"failureMessages":[],"fullName":"LoggerService error should handle string errors","invocations":1,"location":null,"numPassingAsserts":1,"retryReasons":[],"status":"passed","title":"should handle string errors"},{"ancestorTitles":["LoggerService","debug"],"duration":0,"failureDetails":[],"failureMessages":[],"fullName":"LoggerService debug should not log debug when DEBUG is not set","invocations":1,"location":null,"numPassingAsserts":1,"retryReasons":[],"status":"passed","title":"should not log debug when DEBUG is not set"},{"ancestorTitles":["LoggerService","debug"],"duration":1,"failureDetails":[],"failureMessages":[],"fullName":"LoggerService debug should log debug when DEBUG is true","invocations":1,"location":null,"numPassingAsserts":3,"retryReasons":[],"status":"passed","title":"should log debug when DEBUG is true"},{"ancestorTitles":["LoggerService","timestamp"],"duration":0,"failureDetails":[],"failureMessages":[],"fullName":"LoggerService timestamp should include timestamp in all logs","invocations":1,"location":null,"numPassingAsserts":1,"retryReasons":[],"status":"passed","title":"should include timestamp in all logs"}],"endTime":1778968827644,"message":"","name":"C:\\Users\\bhenn\\workspace\\zapfacil\\tests\\unit\\services\\LoggerService.test.ts","startTime":1778968827538,"status":"passed","summary":""},{"assertionResults":[{"ancestorTitles":["E2E - Application Launch"],"duration":1,"failureDetails":[],"failureMessages":[],"fullName":"E2E - Application Launch should create window on app ready","invocations":1,"location":null,"numPassingAsserts":2,"retryReasons":[],"status":"passed","title":"should create window on app ready"},{"ancestorTitles":["E2E - Application Launch"],"duration":0,"failureDetails":[],"failureMessages":[],"fullName":"E2E - Application Launch should load app in window","invocations":1,"location":null,"numPassingAsserts":1,"retryReasons":[],"status":"passed","title":"should load app in window"},{"ancestorTitles":["E2E - Application Launch"],"duration":0,"failureDetails":[],"failureMessages":[],"fullName":"E2E - Application Launch should respond to IPC requests","invocations":1,"location":null,"numPassingAsserts":1,"retryReasons":[],"status":"passed","title":"should respond to IPC requests"},{"ancestorTitles":["E2E - Application Launch"],"duration":1,"failureDetails":[],"failureMessages":[],"fullName":"E2E - Application Launch should not have console errors","invocations":1,"location":null,"numPassingAsserts":1,"retryReasons":[],"status":"passed","title":"should not have console errors"},{"ancestorTitles":["E2E - Contact Import Workflow"],"duration":0,"failureDetails":[],"failureMessages":[],"fullName":"E2E - Contact Import Workflow should handle contact import request","invocations":1,"location":null,"numPassingAsserts":1,"retryReasons":[],"status":"passed","title":"should handle contact import request"},{"ancestorTitles":["E2E - Message Composition Workflow"],"duration":0,"failureDetails":[],"failureMessages":[],"fullName":"E2E - Message Composition Workflow should render message composer component","invocations":1,"location":null,"numPassingAsserts":1,"retryReasons":[],"status":"passed","title":"should render message composer component"},{"ancestorTitles":["E2E - Status Monitor Workflow"],"duration":1,"failureDetails":[],"failureMessages":[],"fullName":"E2E - Status Monitor Workflow should display status information","invocations":1,"location":null,"numPassingAsserts":1,"retryReasons":[],"status":"passed","title":"should display status information"}],"endTime":1778968827754,"message":"","name":"C:\\Users\\bhenn\\workspace\\zapfacil\\tests\\e2e\\app.e2e.test.ts","startTime":1778968827648,"status":"passed","summary":""},{"assertionResults":[{"ancestorTitles":["FeedbackService"],"duration":4,"failureDetails":[],"failureMessages":[],"fullName":"FeedbackService should store feedback entries","invocations":1,"location":null,"numPassingAsserts":3,"retryReasons":[],"status":"passed","title":"should store feedback entries"},{"ancestorTitles":["FeedbackService"],"duration":4,"failureDetails":[],"failureMessages":[],"fullName":"FeedbackService should reject blank feedback","invocations":1,"location":null,"numPassingAsserts":1,"retryReasons":[],"status":"passed","title":"should reject blank feedback"}],"endTime":1778968827865,"message":"","name":"C:\\Users\\bhenn\\workspace\\zapfacil\\tests\\unit\\services\\FeedbackService.test.ts","startTime":1778968827757,"status":"passed","summary":""},{"assertionResults":[],"coverage":{},"endTime":1778968828935,"message":"  \u001b[1m● \u001b[22mTest suite failed to run\n\n    \u001b[96mtests/unit/services/TelemetryService.test.ts\u001b[0m:\u001b[93m19\u001b[0m:\u001b[93m21\u001b[0m - \u001b[91merror\u001b[0m\u001b[90m TS2554: \u001b[0mExpected 2-3 arguments, but got 1.\n\n    \u001b[7m19\u001b[0m     const service = new TelemetryService(testDir)\n    \u001b[7m  \u001b[0m \u001b[91m                    ~~~~~~~~~~~~~~~~~~~~~~~~~~~~~\u001b[0m\n\n      \u001b[96msrc/main/services/TelemetryService.ts\u001b[0m:\u001b[93m15\u001b[0m:\u001b[93m5\u001b[0m\n        \u001b[7m15\u001b[0m     settingsService: SettingsService,\n        \u001b[7m  \u001b[0m \u001b[96m    ~~~~~~~~~~~~~~~~~~~~~~~~~~~~~~~~\u001b[0m\n        An argument for 'settingsService' was not provided.\n    \u001b[96mtests/unit/services/TelemetryService.test.ts\u001b[0m:\u001b[93m33\u001b[0m:\u001b[93m21\u001b[0m - \u001b[91merror\u001b[0m\u001b[90m TS2554: \u001b[0mExpected 2-3 arguments, but got 1.\n\n    \u001b[7m33\u001b[0m     const service = new TelemetryService(testDir)\n    \u001b[7m  \u001b[0m \u001b[91m                    ~~~~~~~~~~~~~~~~~~~~~~~~~~~~~\u001b[0m\n\n      \u001b[96msrc/main/services/TelemetryService.ts\u001b[0m:\u001b[93m15\u001b[0m:\u001b[93m5\u001b[0m\n        \u001b[7m15\u001b[0m     settingsService: SettingsService,\n        \u001b[7m  \u001b[0m \u001b[96m    ~~~~~~~~~~~~~~~~~~~~~~~~~~~~~~~~\u001b[0m\n        An argument for 'settingsService' was not provided.\n    \u001b[96mtests/unit/services/TelemetryService.test.ts\u001b[0m:\u001b[93m39\u001b[0m:\u001b[93m21\u001b[0m - \u001b[91merror\u001b[0m\u001b[90m TS2554: \u001b[0mExpected 2-3 arguments, but got 1.\n\n    \u001b[7m39\u001b[0m     const service = new TelemetryService(testDir)\n    \u001b[7m  \u001b[0m \u001b[91m                    ~~~~~~~~~~~~~~~~~~~~~~~~~~~~~\u001b[0m\n\n      \u001b[96msrc/main/services/TelemetryService.ts\u001b[0m:\u001b[93m15\u001b[0m:\u001b[93m5\u001b[0m\n        \u001b[7m15\u001b[0m     settingsService: SettingsService,\n        \u001b[7m  \u001b[0m \u001b[96m    ~~~~~~~~~~~~~~~~~~~~~~~~~~~~~~~~\u001b[0m\n        An argument for 'settingsService' was not provided.\n","name":"C:\\Users\\bhenn\\workspace\\zapfacil\\tests\\unit\\services\\TelemetryService.test.ts","startTime":1778968828935,"status":"failed","summary":""}],"wasInterrupted":false}
